c:\users\wsh39\source\repos\lampyrisstockanalyzerex\lampyrisstockanalyzerex\x64\debug\vc143.pdb
c:\users\wsh39\source\repos\lampyrisstockanalyzerex\lampyrisstockanalyzerex\x64\debug\vc143.idb
c:\users\wsh39\source\repos\lampyrisstockanalyzerex\lampyrisstockanalyzerex\x64\debug\main.obj
c:\users\wsh39\source\repos\lampyrisstockanalyzerex\lampyrisstockanalyzerex\x64\debug\jobsystem.obj
c:\users\wsh39\source\repos\lampyrisstockanalyzerex\lampyrisstockanalyzerex\x64\debug\riseandfall.obj
c:\users\wsh39\source\repos\lampyrisstockanalyzerex\lampyrisstockanalyzerex\x64\debug\gapupopenandfall.obj
c:\users\wsh39\source\repos\lampyrisstockanalyzerex\lampyrisstockanalyzerex\x64\debug\consecutiveredandfall.obj
c:\users\wsh39\source\repos\lampyrisstockanalyzerex\lampyrisstockanalyzerex\x64\debug\consecutivered.obj
c:\users\wsh39\source\repos\lampyrisstockanalyzerex\lampyrisstockanalyzerex\x64\debug\bigredandtwogreen.obj
c:\users\wsh39\source\repos\lampyrisstockanalyzerex\lampyrisstockanalyzerex\x64\debug\stockdescriptor.obj
c:\users\wsh39\source\repos\lampyrisstockanalyzerex\lampyrisstockanalyzerex\x64\debug\stockdatareader.obj
c:\users\wsh39\source\repos\lampyrisstockanalyzerex\lampyrisstockanalyzerex\x64\debug\stockdata.obj
c:\users\wsh39\source\repos\lampyrisstockanalyzerex\lampyrisstockanalyzerex\x64\debug\lampyrisstockanalyzer.ilk
c:\users\wsh39\source\repos\lampyrisstockanalyzerex\lampyrisstockanalyzerex\x64\debug\lampyrisstockanalyzer.exe
c:\users\wsh39\source\repos\lampyrisstockanalyzerex\lampyrisstockanalyzerex\x64\debug\lampyrisstockanalyzer.pdb
d:\users\desktop\working\lampyrisstockframework\lampyrisstockanalyzer\x64\debug\bigredandtwogreen.obj
d:\users\desktop\working\lampyrisstockframework\lampyrisstockanalyzer\x64\debug\consecutivered.obj
d:\users\desktop\working\lampyrisstockframework\lampyrisstockanalyzer\x64\debug\consecutiveredandfall.obj
d:\users\desktop\working\lampyrisstockframework\lampyrisstockanalyzer\x64\debug\gapupopenandfall.obj
d:\users\desktop\working\lampyrisstockframework\lampyrisstockanalyzer\x64\debug\jobsystem.obj
d:\users\desktop\working\lampyrisstockframework\lampyrisstockanalyzer\x64\debug\main.obj
d:\users\desktop\working\lampyrisstockframework\lampyrisstockanalyzer\x64\debug\riseandfall.obj
d:\users\desktop\working\lampyrisstockframework\lampyrisstockanalyzer\x64\debug\stockdata.obj
d:\users\desktop\working\lampyrisstockframework\lampyrisstockanalyzer\x64\debug\stockdatareader.obj
d:\users\desktop\working\lampyrisstockframework\lampyrisstockanalyzer\x64\debug\stockdescriptor.obj
d:\users\desktop\working\lampyrisstockframework\lampyrisstockanalyzer\x64\debug\lampyrisstockanalyzer.ilk
d:\users\desktop\working\lampyrisstockframework\lampyrisstockanalyzer\x64\debug\vc143.idb
d:\users\desktop\working\lampyrisstockframework\lampyrisstockanalyzer\x64\debug\lampyrisstockanalyzer.pdb
d:\users\desktop\working\lampyrisstockframework\lampyrisstockanalyzer\x64\debug\vc143.pdb
d:\users\desktop\working\lampyrisstockframework\lampyrisstockanalyzer\x64\debug\lampyrisstockanalyzer.exe
d:\users\desktop\working\lampyrisstockframework\lampyrisstockanalyzer\x64\debug\lampyris.b7c5d022.tlog\cl.command.1.tlog
d:\users\desktop\working\lampyrisstockframework\lampyrisstockanalyzer\x64\debug\lampyris.b7c5d022.tlog\cl.read.1.tlog
d:\users\desktop\working\lampyrisstockframework\lampyrisstockanalyzer\x64\debug\lampyris.b7c5d022.tlog\cl.write.1.tlog
d:\users\desktop\working\lampyrisstockframework\lampyrisstockanalyzer\x64\debug\lampyris.b7c5d022.tlog\link.command.1.tlog
d:\users\desktop\working\lampyrisstockframework\lampyrisstockanalyzer\x64\debug\lampyris.b7c5d022.tlog\link.read.1.tlog
d:\users\desktop\working\lampyrisstockframework\lampyrisstockanalyzer\x64\debug\lampyris.b7c5d022.tlog\link.write.1.tlog
